This is pdfTeX, Version 3.141592653-2.6-1.40.24 (MiKTeX 22.3) (preloaded format=pdflatex 2022.4.6)  17 MAY 2023 13:51
entering extended mode
 restricted \write18 enabled.
 %&-line parsing enabled.
**./dokumentace.tex
(dokumentace.tex
LaTeX2e <2021-11-15> patch level 1
L3 programming layer <2022-02-24>
(C:\Users\proko\AppData\Local\Programs\MiKTeX\tex/latex/base\article.cls
Document Class: article 2021/10/04 v1.4n Standard LaTeX document class
(C:\Users\proko\AppData\Local\Programs\MiKTeX\tex/latex/base\size10.clo
File: size10.clo 2021/10/04 v1.4n Standard LaTeX file (size option)
)
\c@part=\count185
\c@section=\count186
\c@subsection=\count187
\c@subsubsection=\count188
\c@paragraph=\count189
\c@subparagraph=\count190
\c@figure=\count191
\c@table=\count192
\abovecaptionskip=\skip47
\belowcaptionskip=\skip48
\bibindent=\dimen138
)
(C:\Users\proko\AppData\Local\Programs\MiKTeX\tex/latex/base\inputenc.sty
Package: inputenc 2021/02/14 v1.3d Input encoding file
\inpenc@prehook=\toks16
\inpenc@posthook=\toks17
)
(C:\Users\proko\AppData\Local\Programs\MiKTeX\tex/latex/amsmath\amsmath.sty
Package: amsmath 2021/10/15 v2.17l AMS math features
\@mathmargin=\skip49

For additional information on amsmath, use the `?' option.
(C:\Users\proko\AppData\Local\Programs\MiKTeX\tex/latex/amsmath\amstext.sty
Package: amstext 2021/08/26 v2.01 AMS text

(C:\Users\proko\AppData\Local\Programs\MiKTeX\tex/latex/amsmath\amsgen.sty
File: amsgen.sty 1999/11/30 v2.0 generic functions
\@emptytoks=\toks18
\ex@=\dimen139
))
(C:\Users\proko\AppData\Local\Programs\MiKTeX\tex/latex/amsmath\amsbsy.sty
Package: amsbsy 1999/11/29 v1.2d Bold Symbols
\pmbraise@=\dimen140
)
(C:\Users\proko\AppData\Local\Programs\MiKTeX\tex/latex/amsmath\amsopn.sty
Package: amsopn 2021/08/26 v2.02 operator names
)
\inf@bad=\count193
LaTeX Info: Redefining \frac on input line 234.
\uproot@=\count194
\leftroot@=\count195
LaTeX Info: Redefining \overline on input line 399.
\classnum@=\count196
\DOTSCASE@=\count197
LaTeX Info: Redefining \ldots on input line 496.
LaTeX Info: Redefining \dots on input line 499.
LaTeX Info: Redefining \cdots on input line 620.
\Mathstrutbox@=\box50
\strutbox@=\box51
\big@size=\dimen141
LaTeX Font Info:    Redeclaring font encoding OML on input line 743.
LaTeX Font Info:    Redeclaring font encoding OMS on input line 744.
\macc@depth=\count198
\c@MaxMatrixCols=\count199
\dotsspace@=\muskip16
\c@parentequation=\count266
\dspbrk@lvl=\count267
\tag@help=\toks19
\row@=\count268
\column@=\count269
\maxfields@=\count270
\andhelp@=\toks20
\eqnshift@=\dimen142
\alignsep@=\dimen143
\tagshift@=\dimen144
\tagwidth@=\dimen145
\totwidth@=\dimen146
\lineht@=\dimen147
\@envbody=\toks21
\multlinegap=\skip50
\multlinetaggap=\skip51
\mathdisplay@stack=\toks22
LaTeX Info: Redefining \[ on input line 2938.
LaTeX Info: Redefining \] on input line 2939.
)
(C:\Users\proko\AppData\Local\Programs\MiKTeX\tex/latex/amsfonts\amsfonts.sty
Package: amsfonts 2013/01/14 v3.01 Basic AMSFonts support
\symAMSa=\mathgroup4
\symAMSb=\mathgroup5
LaTeX Font Info:    Redeclaring math symbol \hbar on input line 98.
LaTeX Font Info:    Overwriting math alphabet `\mathfrak' in version `bold'
(Font)                  U/euf/m/n --> U/euf/b/n on input line 106.
)
(C:\Users\proko\AppData\Local\Programs\MiKTeX\tex/latex/graphics\graphicx.sty
Package: graphicx 2021/09/16 v1.2d Enhanced LaTeX Graphics (DPC,SPQR)

(C:\Users\proko\AppData\Local\Programs\MiKTeX\tex/latex/graphics\keyval.sty
Package: keyval 2014/10/28 v1.15 key=value parser (DPC)
\KV@toks@=\toks23
)
(C:\Users\proko\AppData\Local\Programs\MiKTeX\tex/latex/graphics\graphics.sty
Package: graphics 2021/03/04 v1.4d Standard LaTeX Graphics (DPC,SPQR)

(C:\Users\proko\AppData\Local\Programs\MiKTeX\tex/latex/graphics\trig.sty
Package: trig 2021/08/11 v1.11 sin cos tan (DPC)
)
(C:\Users\proko\AppData\Local\Programs\MiKTeX\tex/latex/graphics-cfg\graphics.c
fg
File: graphics.cfg 2016/06/04 v1.11 sample graphics configuration
)
Package graphics Info: Driver file: pdftex.def on input line 107.

(C:\Users\proko\AppData\Local\Programs\MiKTeX\tex/latex/graphics-def\pdftex.def
File: pdftex.def 2020/10/05 v1.2a Graphics/color driver for pdftex
))
\Gin@req@height=\dimen148
\Gin@req@width=\dimen149
)
(C:\Users\proko\AppData\Local\Programs\MiKTeX\tex/latex/amsfonts\amssymb.sty
Package: amssymb 2013/01/14 v3.01 AMS font symbols
)
(C:\Users\proko\AppData\Local\Programs\MiKTeX\tex/latex/l3backend\l3backend-pdf
tex.def
File: l3backend-pdftex.def 2022-02-07 L3 backend support: PDF output (pdfTeX)
\l__color_backend_stack_int=\count271
\l__pdf_internal_box=\box52
) (dokumentace.aux)
\openout1 = `dokumentace.aux'.

LaTeX Font Info:    Checking defaults for OML/cmm/m/it on input line 9.
LaTeX Font Info:    ... okay on input line 9.
LaTeX Font Info:    Checking defaults for OMS/cmsy/m/n on input line 9.
LaTeX Font Info:    ... okay on input line 9.
LaTeX Font Info:    Checking defaults for OT1/cmr/m/n on input line 9.
LaTeX Font Info:    ... okay on input line 9.
LaTeX Font Info:    Checking defaults for T1/cmr/m/n on input line 9.
LaTeX Font Info:    ... okay on input line 9.
LaTeX Font Info:    Checking defaults for TS1/cmr/m/n on input line 9.
LaTeX Font Info:    ... okay on input line 9.
LaTeX Font Info:    Checking defaults for OMX/cmex/m/n on input line 9.
LaTeX Font Info:    ... okay on input line 9.
LaTeX Font Info:    Checking defaults for U/cmr/m/n on input line 9.
LaTeX Font Info:    ... okay on input line 9.

(C:\Users\proko\AppData\Local\Programs\MiKTeX\tex/context/base/mkii\supp-pdf.mk
ii
[Loading MPS to PDF converter (version 2006.09.02).]
\scratchcounter=\count272
\scratchdimen=\dimen150
\scratchbox=\box53
\nofMPsegments=\count273
\nofMParguments=\count274
\everyMPshowfont=\toks24
\MPscratchCnt=\count275
\MPscratchDim=\dimen151
\MPnumerator=\count276
\makeMPintoPDFobject=\count277
\everyMPtoPDFconversion=\toks25
)
(C:\Users\proko\AppData\Local\Programs\MiKTeX\tex/latex/epstopdf-pkg\epstopdf-b
ase.sty
Package: epstopdf-base 2020-01-24 v2.11 Base part for package epstopdf
Package epstopdf-base Info: Redefining graphics rule for `.eps' on input line 4
85.

(C:\Users\proko\AppData\Local\Programs\MiKTeX\tex/latex/00miktex\epstopdf-sys.c
fg
File: epstopdf-sys.cfg 2021/03/18 v2.0 Configuration of epstopdf for MiKTeX
))
LaTeX Font Info:    Trying to load font information for U+msa on input line 10.

 (C:\Users\proko\AppData\Local\Programs\MiKTeX\tex/latex/amsfonts\umsa.fd
File: umsa.fd 2013/01/14 v3.01 AMS symbols A
)
LaTeX Font Info:    Trying to load font information for U+msb on input line 10.


(C:\Users\proko\AppData\Local\Programs\MiKTeX\tex/latex/amsfonts\umsb.fd
File: umsb.fd 2013/01/14 v3.01 AMS symbols B
)
[1

{C:/Users/proko/AppData/Local/MiKTeX/fonts/map/pdftex/pdftex.map}]
(dokumentace.toc)
\tf@toc=\write3
\openout3 = `dokumentace.toc'.

 [2]
Overfull \hbox (43.49661pt too wide) in paragraph at lines 64--64
[]\OT1/cmtt/m/n/10 nutritions_divider 2 #- ud^^Sav^^Sa kolik zv^^S^^P^^Treti zb
ude z j^^S^^Pdla po ode^^Tcten^^S^^P jeho[] 
 []


Overfull \hbox (64.49643pt too wide) in paragraph at lines 64--64
[]                     \OT1/cmtt/m/n/10 #  hladu (^^Tziviny co zbyly zv^^S^^P^^
Treti se t^^S^^Pmto ^^Tc^^S^^Pslem vyd^^Tel^^S^^P)[] 
 []


Overfull \hbox (64.49643pt too wide) in paragraph at lines 64--64
[]                   \OT1/cmtt/m/n/10 # 3- ^^Tc^^S^^Pslo kter^^Se ur^^Tcuje jed
notky parametru "size" u zv^^S^^P^^Trete[] 
 []


Overfull \hbox (69.74638pt too wide) in paragraph at lines 64--64
[]                   \OT1/cmtt/m/n/10 # 4- ^^Tc^^S^^Pslo kter^^Se ur^^Tcuje jed
notky parametru "sense" u zv^^S^^P^^Trete[] 
 []


Overfull \hbox (80.24629pt too wide) in paragraph at lines 64--64
[]                   \OT1/cmtt/m/n/10 # 5- ^^Tc^^S^^Pslo kter^^Se ur^^Tcuje jed
notky parametru "dexterity" zv^^S^^P^^Trete[] 
 []

[3]
Overfull \hbox (64.49643pt too wide) in paragraph at lines 110--110
[]\OT1/cmtt/m/n/10 name p1   # jm^^Seno pod jak^^Sym uvid^^S^^Pme zv^^S^^P^^Tre
 v simulaci, mus^^S^^P m^^S^^Pt pr^^Sav^^Te dva znaky[] 
 []


Overfull \hbox (11.99689pt too wide) in paragraph at lines 110--110
[]\OT1/cmtt/m/n/10 size 1.01  # pokud zv^^S^^P^^Trete chce rostlinu sn^^S^^Pst 
mus^^S^^P m^^S^^Pt v^^Tet^^Ts^^S^^P v^^Sy^^Tsku.[] 
 []


Overfull \hbox (32.9967pt too wide) in paragraph at lines 110--110
[]\OT1/cmtt/m/n/10 changer 2 0.85 25 10  # 2..ka^^Tzd^^Se dva dny se zm^^Ten^^S
^^P maxim^^Saln^^S^^P po^^Tcet j^^S^^Pdla,[] 
 []

[4]
Overfull \hbox (53.99652pt too wide) in paragraph at lines 137--137
[]\OT1/cmtt/m/n/10 name a1 # jm^^Seno pod jak^^Sym uvid^^S^^Pme zv^^S^^P^^Tre v
 simulaci, mus^^S^^P m^^S^^Pt pr^^Sav^^Te dva znaky[] 
 []


Overfull \hbox (43.49661pt too wide) in paragraph at lines 137--137
[]\OT1/cmtt/m/n/10 sense 4.2    # jak velk^^Sy m^^Sa p^^Trehled o okol^^S^^P. M
^^Te^^Tr^^S^^P se stejn^^Te jako dexterity[] 
 []


Overfull \hbox (101.24611pt too wide) in paragraph at lines 137--137
[]\OT1/cmtt/m/n/10 reproduction 1.2   # kolikr^^Sat v^^S^^Pc ^^Tzivin pot^^Treb
uje aby se rozmno^^Tzil (ne^^Tz je jeho hlad)[] 
 []


Overfull \hbox (17.24684pt too wide) in paragraph at lines 137--137
[]            \OT1/cmtt/m/n/10 # Ur^^Tcuje jak moc se budou m^^Tenit statistiky
 p^^Tri rozmno^^Tzen^^S^^P[] 
 []


Overfull \hbox (48.74657pt too wide) in paragraph at lines 137--137
[]            \OT1/cmtt/m/n/10 # k dan^^Se vlastnosti zv^^S^^P^^Trete se p^^Tri
^^Tcte  nebo ode^^Tcte jeho n^^Sasobek[] 
 []


Overfull \hbox (74.99634pt too wide) in paragraph at lines 137--137
[]\OT1/cmtt/m/n/10 stop_eat 1.5  # maximaln^^S^^P po^^Tcet j^^S^^Pdla, kter^^Se
 m^^Wu^^Tze zv^^S^^P^^Tre sn^^S^^Pst se vypo^^Tc^^S^^Pt^^Sa takto:[] 
 []


Overfull \hbox (38.24666pt too wide) in paragraph at lines 137--137
[]               \OT1/cmtt/m/n/10 #  hunger*reproduction*stop_eat....hunger*rep
roduction*1.5[] 
 []

<vysledky.png, id=24, 545.6385pt x 476.982pt>
File: vysledky.png Graphic file (type png)
<use vysledky.png>
Package pdftex.def Info: vysledky.png  used on input line 147.
(pdftex.def)             Requested size: 409.22786pt x 357.73561pt.

Overfull \hbox (79.22786pt too wide) in paragraph at lines 147--148
[][] 
 []

[5] [6 <./vysledky.png>]
Overfull \hbox (10.83414pt too wide) in paragraph at lines 186--187
\OT1/cmr/m/n/10 nap^^Tr^^S^^Pklad grafick^^Se zpra-cov^^San^^S^^P v^^Sysledk^^W
u nebo p^^Trid^^San^^S^^P zad^^Sav^^San^^S^^P vs-tupn^^S^^Pch parametr^^Wu
 []

[7] (dokumentace.aux) ) 
Here is how much of TeX's memory you used:
 2571 strings out of 478582
 38647 string characters out of 2844345
 335830 words of memory out of 3000000
 20749 multiletter control sequences out of 15000+600000
 477290 words of font info for 60 fonts, out of 8000000 for 9000
 1141 hyphenation exceptions out of 8191
 55i,7n,62p,565b,274s stack positions out of 10000i,1000n,20000p,200000b,80000s
<C:/Users/proko/AppData/Local/Programs/MiKTeX/fonts/type
1/public/amsfonts/cm/cmbx10.pfb><C:/Users/proko/AppData/Local/Programs/MiKTeX/f
onts/type1/public/amsfonts/cm/cmbx12.pfb><C:/Users/proko/AppData/Local/Programs
/MiKTeX/fonts/type1/public/amsfonts/cm/cmmi10.pfb><C:/Users/proko/AppData/Local
/Programs/MiKTeX/fonts/type1/public/amsfonts/cm/cmmi7.pfb><C:/Users/proko/AppDa
ta/Local/Programs/MiKTeX/fonts/type1/public/amsfonts/cm/cmr10.pfb><C:/Users/pro
ko/AppData/Local/Programs/MiKTeX/fonts/type1/public/amsfonts/cm/cmr12.pfb><C:/U
sers/proko/AppData/Local/Programs/MiKTeX/fonts/type1/public/amsfonts/cm/cmr17.p
fb><C:/Users/proko/AppData/Local/Programs/MiKTeX/fonts/type1/public/amsfonts/cm
/cmr7.pfb><C:/Users/proko/AppData/Local/Programs/MiKTeX/fonts/type1/public/amsf
onts/cm/cmsy10.pfb><C:/Users/proko/AppData/Local/Programs/MiKTeX/fonts/type1/pu
blic/amsfonts/cm/cmtt10.pfb>
Output written on dokumentace.pdf (7 pages, 185451 bytes).
PDF statistics:
 79 PDF objects out of 1000 (max. 8388607)
 0 named destinations out of 1000 (max. 500000)
 6 words of extra memory for PDF output out of 10000 (max. 10000000)

